c:\users\ghost\desktop\sfml group\space_shooter\x64\release\vc142.pdb
c:\users\ghost\desktop\sfml group\space_shooter\x64\release\playercontrols.obj
c:\users\ghost\desktop\sfml group\space_shooter\x64\release\playerappearancestrategy.obj
c:\users\ghost\desktop\sfml group\space_shooter\x64\release\objectcleaner.obj
c:\users\ghost\desktop\sfml group\space_shooter\x64\release\musicmanager.obj
c:\users\ghost\desktop\sfml group\space_shooter\x64\release\mainmenustate.obj
c:\users\ghost\desktop\sfml group\space_shooter\x64\release\main.obj
c:\users\ghost\desktop\sfml group\space_shooter\x64\release\inputmanager.obj
c:\users\ghost\desktop\sfml group\space_shooter\x64\release\gamestate.obj
c:\users\ghost\desktop\sfml group\space_shooter\x64\release\gameoverstate.obj
c:\users\ghost\desktop\sfml group\space_shooter\x64\release\gameobject.obj
c:\users\ghost\desktop\sfml group\space_shooter\x64\release\gamemanager.obj
c:\users\ghost\desktop\sfml group\space_shooter\x64\release\filemanager.obj
c:\users\ghost\desktop\sfml group\space_shooter\x64\release\deltatime.obj
c:\users\ghost\desktop\sfml group\space_shooter\x64\release\deathappearancestrategy.obj
c:\users\ghost\desktop\sfml group\space_shooter\x64\release\collisiondection.obj
c:\users\ghost\desktop\sfml group\space_shooter\x64\release\assetmanager.obj
c:\users\ghost\desktop\sfml group\space_shooter\x64\release\aisoundstrategy.obj
c:\users\ghost\desktop\sfml group\space_shooter\x64\release\aiappearancestrategy.obj
c:\users\ghost\desktop\sfml group\space_shooter\x64\release\uidisplay.obj
c:\users\ghost\desktop\sfml group\space_shooter\x64\release\statemachine.obj
c:\users\ghost\desktop\sfml group\space_shooter\x64\release\splashstate.obj
c:\users\ghost\desktop\sfml group\space_shooter\x64\release\spawnmanager.obj
c:\users\ghost\desktop\sfml group\space_shooter\x64\release\sizemanager.obj
c:\users\ghost\desktop\sfml group\space_shooter\x64\release\projetileappearancestrategy.obj
c:\users\ghost\desktop\sfml group\space_shooter\x64\release\projectilesoundstrategy.obj
c:\users\ghost\desktop\sfml group\space_shooter\x64\release\projectilecontrols.obj
c:\users\ghost\desktop\sfml group\space_shooter\x64\release\playersoundstrategy.obj
c:\users\ghost\desktop\sfml group\space_shooter\x64\release\objectfactory.obj
c:\users\ghost\desktop\sfml group\space_shooter\x64\release\aicontrols.obj
c:\users\ghost\desktop\sfml group\space_shooter\x64\release\space_shooter.exe
c:\users\ghost\desktop\sfml group\space_shooter\x64\release\space_shooter.pdb
c:\users\ghost\desktop\sfml group\space_shooter\x64\release\space_shooter.ipdb
c:\users\ghost\desktop\sfml group\space_shooter\x64\release\space_shooter.iobj
c:\users\ghost\desktop\sfml group\space_shooter\x64\release\space_shooter.tlog\cl.command.1.tlog
c:\users\ghost\desktop\sfml group\space_shooter\x64\release\space_shooter.tlog\cl.read.1.tlog
c:\users\ghost\desktop\sfml group\space_shooter\x64\release\space_shooter.tlog\cl.write.1.tlog
c:\users\ghost\desktop\sfml group\space_shooter\x64\release\space_shooter.tlog\link.command.1.tlog
c:\users\ghost\desktop\sfml group\space_shooter\x64\release\space_shooter.tlog\link.read.1.tlog
c:\users\ghost\desktop\sfml group\space_shooter\x64\release\space_shooter.tlog\link.write.1.tlog
c:\users\ghost\desktop\sfml group\space_shooter\x64\release\space_shooter.tlog\space_shooter.write.1u.tlog
