c:\users\ghost\desktop\sfml group\space_shooter\debug\vc142.pdb
c:\users\ghost\desktop\sfml group\space_shooter\debug\vc142.idb
c:\users\ghost\desktop\sfml group\space_shooter\debug\projectilescale.obj
c:\users\ghost\desktop\sfml group\space_shooter\debug\playerspawnstrategy.obj
c:\users\ghost\desktop\sfml group\space_shooter\debug\playersoundstrategy.obj
c:\users\ghost\desktop\sfml group\space_shooter\debug\playerscale.obj
c:\users\ghost\desktop\sfml group\space_shooter\debug\playerappearancestrategy.obj
c:\users\ghost\desktop\sfml group\space_shooter\debug\objectfactory.obj
c:\users\ghost\desktop\sfml group\space_shooter\debug\mainmenustate.obj
c:\users\ghost\desktop\sfml group\space_shooter\debug\main.obj
c:\users\ghost\desktop\sfml group\space_shooter\debug\inputmanager.obj
c:\users\ghost\desktop\sfml group\space_shooter\debug\icontrols.obj
c:\users\ghost\desktop\sfml group\space_shooter\debug\gamestate.obj
c:\users\ghost\desktop\sfml group\space_shooter\debug\gameoverstate.obj
c:\users\ghost\desktop\sfml group\space_shooter\debug\gameobject.obj
c:\users\ghost\desktop\sfml group\space_shooter\debug\gamemanager.obj
c:\users\ghost\desktop\sfml group\space_shooter\debug\deathappearancestrategy.obj
c:\users\ghost\desktop\sfml group\space_shooter\debug\assetmanager.obj
c:\users\ghost\desktop\sfml group\space_shooter\debug\aispawnstrategy.obj
c:\users\ghost\desktop\sfml group\space_shooter\debug\aisoundstrategy.obj
c:\users\ghost\desktop\sfml group\space_shooter\debug\aiscale.obj
c:\users\ghost\desktop\sfml group\space_shooter\debug\aiappearancestrategy.obj
c:\users\ghost\desktop\sfml group\space_shooter\debug\statemachine.obj
c:\users\ghost\desktop\sfml group\space_shooter\debug\splashstate.obj
c:\users\ghost\desktop\sfml group\space_shooter\debug\projetileappearancestrategy.obj
c:\users\ghost\desktop\sfml group\space_shooter\debug\projectilespawnstrategy.obj
c:\users\ghost\desktop\sfml group\space_shooter\debug\projectilesoundstrategy.obj
c:\users\ghost\desktop\sfml group\space_shooter\debug\objectcleaner.obj
c:\users\ghost\desktop\sfml group\space_shooter\debug\spawnmanager.obj
c:\users\ghost\desktop\sfml group\space_shooter\debug\sizemanager.obj
c:\users\ghost\desktop\sfml group\space_shooter\debug\musicmanager.obj
c:\users\ghost\desktop\sfml group\space_shooter\debug\uidisplay.obj
c:\users\ghost\desktop\sfml group\space_shooter\debug\deltatime.obj
c:\users\ghost\desktop\sfml group\space_shooter\debug\space_shooter.exe
c:\users\ghost\desktop\sfml group\space_shooter\debug\space_shooter.ilk
c:\users\ghost\desktop\sfml group\space_shooter\debug\space_shooter.pdb
c:\users\ghost\desktop\sfml group\space_shooter\debug\space_shooter.tlog\cl.command.1.tlog
c:\users\ghost\desktop\sfml group\space_shooter\debug\space_shooter.tlog\cl.read.1.tlog
c:\users\ghost\desktop\sfml group\space_shooter\debug\space_shooter.tlog\cl.write.1.tlog
c:\users\ghost\desktop\sfml group\space_shooter\debug\space_shooter.tlog\link.command.1.tlog
c:\users\ghost\desktop\sfml group\space_shooter\debug\space_shooter.tlog\link.read.1.tlog
c:\users\ghost\desktop\sfml group\space_shooter\debug\space_shooter.tlog\link.write.1.tlog
