  AIAppearanceStrategy.cpp
  AIControls.cpp
  AISoundStrategy.cpp
  CollisionDection.cpp
  DeathAppearanceStrategy.cpp
  GameManager.cpp
  GameObject.cpp
  GameOverState.cpp
  GameState.cpp
C:\Users\Ghost\Desktop\SFML Group\Space_Shooter\GameState.cpp(158,48): warning C4244: 'argument': conversion from 'int' to 'float', possible loss of data
C:\Users\Ghost\Desktop\SFML Group\Space_Shooter\GameState.cpp(191,47): warning C4267: 'argument': conversion from 'size_t' to 'int', possible loss of data
  InputManager.cpp
C:\Users\Ghost\Desktop\SFML Group\Space_Shooter\InputManager.cpp(9,134): warning C4244: 'argument': conversion from 'T' to 'T', possible loss of data
          with
          [
              T=float
          ]
          and
          [
              T=int
          ]
C:\Users\Ghost\Desktop\SFML Group\Space_Shooter\InputManager.cpp(9,102): warning C4244: 'argument': conversion from 'T' to 'T', possible loss of data
          with
          [
              T=float
          ]
          and
          [
              T=int
          ]
C:\Users\Ghost\Desktop\SFML Group\Space_Shooter\InputManager.cpp(9,74): warning C4244: 'argument': conversion from 'const T' to 'T', possible loss of data
          with
          [
              T=float
          ]
          and
          [
              T=int
          ]
C:\Users\Ghost\Desktop\SFML Group\Space_Shooter\InputManager.cpp(9,50): warning C4244: 'argument': conversion from 'const T' to 'T', possible loss of data
          with
          [
              T=float
          ]
          and
          [
              T=int
          ]
  MainMenuState.cpp
C:\Users\Ghost\Desktop\SFML Group\Space_Shooter\MainMenuState.cpp(34,55): warning C4244: 'argument': conversion from 'int' to 'float', possible loss of data
  MusicManager.cpp
C:\Users\Ghost\Desktop\SFML Group\Space_Shooter\MusicManager.cpp(5,23): warning C4244: 'argument': conversion from 'int' to 'float', possible loss of data
  ObjectCleaner.cpp
  ObjectFactory.cpp
  PlayerAppearanceStrategy.cpp
  PlayerControls.cpp
  PlayerSoundStrategy.cpp
C:\Users\Ghost\Desktop\SFML Group\Space_Shooter\PlayerSoundStrategy.cpp(8,54): warning C4244: 'argument': conversion from 'int' to 'float', possible loss of data
  ProjectileControls.cpp
  ProjectileSoundStrategy.cpp
C:\Users\Ghost\Desktop\SFML Group\Space_Shooter\ProjectileSoundStrategy.cpp(8,57): warning C4244: 'argument': conversion from 'int' to 'float', possible loss of data
  ProjetileAppearanceStrategy.cpp
  Generating Code...
  Compiling...
  SizeManager.cpp
  SpawnManager.cpp
  SplashState.cpp
C:\Users\Ghost\Desktop\SFML Group\Space_Shooter\SplashState.cpp(50,53): warning C4244: 'argument': conversion from 'int' to 'float', possible loss of data
  UIDisplay.cpp
  main.cpp
C:\Users\Ghost\Desktop\SFML Group\Space_Shooter\main.cpp(78,15): warning C4244: 'argument': conversion from 'time_t' to 'unsigned int', possible loss of data
  Generating Code...
  Space_Shooter.vcxproj -> C:\Users\Ghost\Desktop\SFML Group\Space_Shooter\x64\Debug\Space_Shooter.exe
